<?xml version="1.0" encoding="UTF-8"?>
<testsuite xmlns:xsi="http://www.w3.org/2001/XMLSchema-instance" xsi:noNamespaceSchemaLocation="https://maven.apache.org/surefire/maven-surefire-plugin/xsd/surefire-test-report.xsd" name="MyServiceTest" time="1.629" tests="2" errors="0" skipped="0" failures="0">
  <properties>
[...]
</properties>
  <testcase name="testFetchDataReturnsMockValue" classname="MyServiceTest" time="1.607"/>
  <testcase name="testVerifyInteraction" classname="MyServiceTest" time="0.013"/>
</testsuite>